<?xml version="1.0" encoding="UTF-8"?>
<testsuite xmlns:xsi="http://www.w3.org/2001/XMLSchema-instance" xsi:noNamespaceSchemaLocation="https://maven.apache.org/surefire/maven-surefire-plugin/xsd/surefire-test-report.xsd" name="AccountTest" time="7.442" tests="16" errors="0" skipped="0" failures="0">
  <properties>
    <property name="sun.desktop" value="windows"/>
    <property name="awt.toolkit" value="sun.awt.windows.WToolkit"/>
    <property name="java.specification.version" value="11"/>
    <property name="sun.cpu.isalist" value="amd64"/>
    <property name="sun.jnu.encoding" value="Cp1251"/>
    <property name="java.class.path" value="C:\Users\Kosty\Sprint_400\target\test-classes;C:\Users\Kosty\Sprint_400\target\classes;C:\Users\Kosty\.m2\repository\junit\junit\4.13.2\junit-4.13.2.jar;C:\Users\Kosty\.m2\repository\org\hamcrest\hamcrest-core\1.3\hamcrest-core-1.3.jar;C:\Users\Kosty\.m2\repository\io\qameta\allure\allure-junit4\2.17.3\allure-junit4-2.17.3.jar;C:\Users\Kosty\.m2\repository\io\qameta\allure\allure-java-commons\2.17.3\allure-java-commons-2.17.3.jar;C:\Users\Kosty\.m2\repository\org\slf4j\slf4j-api\1.7.30\slf4j-api-1.7.30.jar;C:\Users\Kosty\.m2\repository\io\qameta\allure\allure-model\2.17.3\allure-model-2.17.3.jar;"/>
    <property name="java.vm.vendor" value="Amazon.com Inc."/>
    <property name="sun.arch.data.model" value="64"/>
    <property name="user.variant" value=""/>
    <property name="java.vendor.url" value="https://aws.amazon.com/corretto/"/>
    <property name="user.timezone" value="Europe/Moscow"/>
    <property name="java.vm.specification.version" value="11"/>
    <property name="os.name" value="Windows 10"/>
    <property name="sun.java.launcher" value="SUN_STANDARD"/>
    <property name="user.country" value="RU"/>
    <property name="sun.boot.library.path" value="C:\Program Files\Amazon Corretto\jdk11.0.14_10\bin"/>
    <property name="sun.java.command" value="C:\Users\Kosty\AppData\Local\Temp\surefire14039424954844613059\surefirebooter13147114044545092825.jar C:\Users\Kosty\AppData\Local\Temp\surefire14039424954844613059 2022-04-28T18-16-28_042-jvmRun1 surefire8254205718974153108tmp surefire_03285956687677947175tmp"/>
    <property name="jdk.debug" value="release"/>
    <property name="surefire.test.class.path" value="C:\Users\Kosty\Sprint_400\target\test-classes;C:\Users\Kosty\Sprint_400\target\classes;C:\Users\Kosty\.m2\repository\junit\junit\4.13.2\junit-4.13.2.jar;C:\Users\Kosty\.m2\repository\org\hamcrest\hamcrest-core\1.3\hamcrest-core-1.3.jar;C:\Users\Kosty\.m2\repository\io\qameta\allure\allure-junit4\2.17.3\allure-junit4-2.17.3.jar;C:\Users\Kosty\.m2\repository\io\qameta\allure\allure-java-commons\2.17.3\allure-java-commons-2.17.3.jar;C:\Users\Kosty\.m2\repository\org\slf4j\slf4j-api\1.7.30\slf4j-api-1.7.30.jar;C:\Users\Kosty\.m2\repository\io\qameta\allure\allure-model\2.17.3\allure-model-2.17.3.jar;"/>
    <property name="sun.cpu.endian" value="little"/>
    <property name="allure.results.directory" value="C:\Users\Kosty\Sprint_400\target/allure-results"/>
    <property name="user.home" value="C:\Users\Kosty"/>
    <property name="user.language" value="ru"/>
    <property name="java.specification.vendor" value="Oracle Corporation"/>
    <property name="java.version.date" value="2022-02-08"/>
    <property name="java.home" value="C:\Program Files\Amazon Corretto\jdk11.0.14_10"/>
    <property name="file.separator" value="\"/>
    <property name="basedir" value="C:\Users\Kosty\Sprint_400"/>
    <property name="java.vm.compressedOopsMode" value="32-bit"/>
    <property name="line.separator" value="&#10;"/>
    <property name="java.specification.name" value="Java Platform API Specification"/>
    <property name="java.vm.specification.vendor" value="Oracle Corporation"/>
    <property name="java.awt.graphicsenv" value="sun.awt.Win32GraphicsEnvironment"/>
    <property name="surefire.real.class.path" value="C:\Users\Kosty\AppData\Local\Temp\surefire14039424954844613059\surefirebooter13147114044545092825.jar"/>
    <property name="user.script" value=""/>
    <property name="sun.management.compiler" value="HotSpot 64-Bit Tiered Compilers"/>
    <property name="java.runtime.version" value="11.0.14.1+10-LTS"/>
    <property name="user.name" value="Лара"/>
    <property name="path.separator" value=";"/>
    <property name="os.version" value="10.0"/>
    <property name="java.runtime.name" value="OpenJDK Runtime Environment"/>
    <property name="file.encoding" value="Cp1251"/>
    <property name="java.vm.name" value="OpenJDK 64-Bit Server VM"/>
    <property name="java.vendor.version" value="Corretto-11.0.14.10.1"/>
    <property name="localRepository" value="C:\Users\Kosty\.m2\repository"/>
    <property name="java.vendor.url.bug" value="https://github.com/corretto/corretto-11/issues/"/>
    <property name="java.io.tmpdir" value="C:\Users\Kosty\AppData\Local\Temp\"/>
    <property name="idea.version" value="2021.3.2"/>
    <property name="java.version" value="11.0.14.1"/>
    <property name="user.dir" value="C:\Users\Kosty\Sprint_400"/>
    <property name="os.arch" value="amd64"/>
    <property name="java.vm.specification.name" value="Java Virtual Machine Specification"/>
    <property name="java.awt.printerjob" value="sun.awt.windows.WPrinterJob"/>
    <property name="sun.os.patch.level" value=""/>
    <property name="java.library.path" value="C:\Program Files\Amazon Corretto\jdk11.0.14_10\bin;C:\WINDOWS\Sun\Java\bin;C:\WINDOWS\system32;C:\WINDOWS;C:\Program Files\Amazon Corretto\jdk11.0.14_10\bin;C:\WINDOWS\system32;C:\WINDOWS;C:\WINDOWS\System32\Wbem;C:\WINDOWS\System32\WindowsPowerShell\v1.0\;C:\WINDOWS\System32\OpenSSH\;C:\Program Files\Git\cmd;C:\Program Files\Docker\Docker\resources\bin;C:\ProgramData\DockerDesktop\version-bin;C:\Users\Kosty\Downloads\allure-commandline-2.15.0\allure-2.15.0\bin;."/>
    <property name="java.vm.info" value="mixed mode"/>
    <property name="java.vendor" value="Amazon.com Inc."/>
    <property name="java.vm.version" value="11.0.14.1+10-LTS"/>
    <property name="sun.io.unicode.encoding" value="UnicodeLittle"/>
    <property name="java.class.version" value="55.0"/>
  </properties>
  <testcase name="withParametersTest[Тестовые данные: входная строка Тимоти Шаламе, валидно: true]" classname="AccountTest" time="3.09"/>
  <testcase name="withParametersTest[Тестовые данные: входная строка ТИМОТИ ШАЛАМЕ, валидно: true]" classname="AccountTest" time="0.021"/>
  <testcase name="withParametersTest[Тестовые данные: входная строка  Тимоти Шаламе , валидно: true]" classname="AccountTest" time="0.045"/>
  <testcase name="withParametersTest[Тестовые данные: входная строка Тимоти    Шаламе, валидно: false]" classname="AccountTest" time="0.015"/>
  <testcase name="withParametersTest[Тестовые данные: входная строка Тимоти  Шаламе, валидно: false]" classname="AccountTest" time="0.005"/>
  <testcase name="withParametersTest[Тестовые данные: входная строка Та и, валидно: true]" classname="AccountTest" time="0.016"/>
  <testcase name="withParametersTest[Тестовые данные: входная строка Грандмастер Адмирал, валидно: true]" classname="AccountTest" time="0.02"/>
  <testcase name="withParametersTest[Тестовые данные: входная строка Гранмастер Адмирал, валидно: true]" classname="AccountTest" time="0.016"/>
  <testcase name="withParametersTest[Тестовые данные: входная строка Ти, валидно: false]" classname="AccountTest" time="0.016"/>
  <testcase name="withParametersTest[Тестовые данные: входная строка Грандмастер Адмиралъ, валидно: false]" classname="AccountTest" time="0.004"/>
  <testcase name="withParametersTest[Тестовые данные: входная строка , валидно: false]" classname="AccountTest" time="0.038"/>
  <testcase name="withParametersTest[Тестовые данные: входная строка Тимотейка Шаламойшниковайте, валидно: false]" classname="AccountTest" time="0.006"/>
  <testcase name="withParametersTest[Тестовые данные: входная строка Тимоти-Шаламе, валидно: false]" classname="AccountTest" time="0.016"/>
  <testcase name="withParametersTest[Тестовые данные: входная строка 1234567891123456789, валидно: false]" classname="AccountTest" time="0.004"/>
  <testcase name="withParametersTest[Тестовые данные: входная строка            , валидно: false]" classname="AccountTest" time="0.016"/>
  <testcase name="withParametersTest[Тестовые данные: входная строка null, валидно: false]" classname="AccountTest" time="0.097"/>
</testsuite>